\BOOKMARK [0][-]{chapter.2}{\376\377\000I\000n\000t\000r\000o\000d\000u\000c\000c\000i\000\363\000,\000\040\000m\000o\000t\000i\000v\000a\000c\000i\000o\000n\000s\000,\000\040\000p\000r\000o\000p\000\363\000s\000i\000t\000s\000\040\000i\000\040\000o\000b\000j\000e\000c\000t\000i\000u\000s}{}% 1
\BOOKMARK [1][-]{section.3}{\376\377\000C\000o\000n\000t\000e\000x\000t\000\040\000d\000e\000l\000\040\000p\000r\000o\000j\000e\000c\000t\000e}{chapter.2}% 2
\BOOKMARK [1][-]{section.4}{\376\377\000M\000o\000t\000i\000v\000a\000c\000i\000o\000n\000s}{chapter.2}% 3
\BOOKMARK [1][-]{section.5}{\376\377\000P\000r\000o\000p\000\363\000s\000i\000t\000\040\000d\000e\000l\000\040\000p\000r\000o\000j\000e\000c\000t\000e}{chapter.2}% 4
\BOOKMARK [1][-]{section.6}{\376\377\000O\000b\000j\000e\000c\000t\000i\000u\000s\000\040\000g\000e\000n\000e\000r\000a\000l\000s}{chapter.2}% 5
\BOOKMARK [1][-]{section.7}{\376\377\000O\000b\000j\000e\000c\000t\000i\000u\000s\000\040\000e\000s\000p\000e\000c\000\355\000f\000i\000c\000s}{chapter.2}% 6
\BOOKMARK [1][-]{section.8}{\376\377\000S\000i\000t\000u\000a\000c\000i\000\363\000\040\000i\000n\000i\000c\000i\000a\000l\000\040\000i\000\040\000p\000\372\000b\000l\000i\000c\000\040\000o\000b\000j\000e\000c\000t\000i\000u}{chapter.2}% 7
\BOOKMARK [0][-]{chapter.9}{\376\377\000E\000s\000t\000u\000d\000i\000\040\000d\000e\000\040\000v\000i\000a\000b\000i\000l\000i\000t\000a\000t}{}% 8
\BOOKMARK [1][-]{section.10}{\376\377\000V\000i\000a\000b\000i\000l\000i\000t\000a\000t\000\040\000t\000\350\000c\000n\000i\000c\000a}{chapter.9}% 9
\BOOKMARK [1][-]{section.11}{\376\377\000V\000i\000a\000b\000i\000l\000i\000t\000a\000t\000\040\000e\000c\000o\000n\000\362\000m\000i\000c\000a}{chapter.9}% 10
\BOOKMARK [1][-]{section.12}{\376\377\000V\000i\000a\000b\000i\000l\000i\000t\000a\000t\000\040\000h\000u\000m\000a\000n\000a}{chapter.9}% 11
\BOOKMARK [1][-]{section.13}{\376\377\000V\000i\000a\000b\000i\000l\000i\000t\000a\000t\000\040\000l\000e\000g\000a\000l}{chapter.9}% 12
\BOOKMARK [1][-]{section.14}{\376\377\000C\000o\000n\000c\000l\000u\000s\000i\000\363}{chapter.9}% 13
\BOOKMARK [0][-]{chapter.15}{\376\377\000M\000e\000t\000o\000d\000o\000l\000o\000g\000i\000a\000\040\000s\000e\000g\000u\000i\000d\000a}{}% 14
\BOOKMARK [1][-]{section.16}{\376\377\000M\000a\000r\000c\000\040\000t\000e\000\362\000r\000i\000c\000:\000\040\000v\000o\000l\000u\000n\000t\000a\000t\000\040\000d\000'\000u\000n\000\040\000e\000n\000f\000o\000c\000a\000m\000e\000n\000t\000\040\000\340\000g\000i\000l}{chapter.15}% 15
\BOOKMARK [1][-]{section.17}{\376\377\000S\000e\000g\000u\000i\000m\000e\000n\000t\000\040\000i\000\040\000c\000o\000n\000t\000r\000o\000l}{chapter.15}% 16
\BOOKMARK [1][-]{section.18}{\376\377\000D\000e\000f\000i\000n\000i\000t\000i\000o\000n\000\040\000o\000f\000\040\000D\000o\000n\000e\000:\000\040\000l\000'\000\372\000n\000i\000c\000\040\000c\000r\000i\000t\000e\000r\000i\000\040\000f\000o\000r\000m\000a\000l}{chapter.15}% 17
\BOOKMARK [1][-]{section.20}{\376\377\000F\000a\000s\000e\000s\000\040\000d\000e\000l\000\040\000p\000r\000o\000j\000e\000c\000t\000e\000:\000\040\000d\000e\000l\000\040\000p\000l\000a\000\040\000a\000\040\000l\000a\000\040\000r\000e\000a\000l\000i\000t\000a\000t}{chapter.15}% 18
\BOOKMARK [1][-]{section.22}{\376\377\000D\000e\000s\000g\000l\000o\000s\000s\000a\000m\000e\000n\000t\000\040\000i\000\040\000r\000e\000v\000i\000s\000i\000\363\000\040\000d\000e\000\040\000l\000e\000s\000\040\000u\000n\000i\000t\000a\000t\000s\000\040\000d\000e\000\040\000t\000r\000e\000b\000a\000l\000l}{chapter.15}% 19
\BOOKMARK [1][-]{section.23}{\376\377\000F\000e\000e\000d\000b\000a\000c\000k\000\040\000d\000e\000l\000s\000\040\000t\000e\000s\000t\000e\000r\000s}{chapter.15}% 20
\BOOKMARK [1][-]{section.24}{\376\377\000D\000i\000f\000i\000c\000u\000l\000t\000a\000t\000s\000\040\000d\000e\000\040\000g\000e\000s\000t\000i\000\363\000\040\000i\000\040\000c\000o\000n\000c\000i\000l\000i\000a\000c\000i\000\363}{chapter.15}% 21
\BOOKMARK [1][-]{section.25}{\376\377\000G\000e\000s\000t\000i\000\363\000\040\000d\000e\000\040\000r\000i\000s\000c\000o\000s\000\040\000i\000\040\000l\000l\000i\000\347\000o\000n\000s\000\040\000a\000p\000r\000e\000s\000e\000s}{chapter.15}% 22
\BOOKMARK [1][-]{section.27}{\376\377\000L\000l\000i\000\347\000o\000n\000s\000\040\000a\000p\000r\000e\000s\000e\000s}{chapter.15}% 23
\BOOKMARK [0][-]{chapter.28}{\376\377\000P\000l\000a\000n\000i\000f\000i\000c\000a\000c\000i\000\363}{}% 24
\BOOKMARK [1][-]{section.29}{\376\377\000P\000l\000a\000\040\000o\000r\000i\000g\000i\000n\000a\000l}{chapter.28}% 25
\BOOKMARK [1][-]{section.31}{\376\377\000E\000x\000e\000c\000u\000c\000i\000\363\000\040\000r\000e\000a\000l\000\040\000i\000\040\000v\000a\000l\000i\000d\000a\000c\000i\000o\000n\000s}{chapter.28}% 26
\BOOKMARK [1][-]{section.33}{\376\377\000P\000l\000a\000\040\000v\000s\000.\000\040\000e\000x\000e\000c\000u\000c\000i\000\363\000:\000\040\000l\000a\000\040\000b\000r\000e\000t\000x\000a\000\040\000q\000u\000a\000n\000t\000i\000f\000i\000c\000a\000d\000a}{chapter.28}% 27
\BOOKMARK [1][-]{section.35}{\376\377\000C\000a\000u\000s\000e\000s\000\040\000d\000e\000\040\000l\000e\000s\000\040\000d\000e\000s\000v\000i\000a\000c\000i\000o\000n\000s}{chapter.28}% 28
\BOOKMARK [1][-]{section.39}{\376\377\000A\000c\000c\000i\000o\000n\000s\000\040\000c\000o\000r\000r\000e\000c\000t\000o\000r\000e\000s\000\040\000a\000p\000l\000i\000c\000a\000d\000e\000s}{chapter.28}% 29
\BOOKMARK [1][-]{section.40}{\376\377\000E\000s\000t\000i\000m\000a\000c\000i\000\363\000\040\000d\000'\000h\000o\000r\000e\000s\000\040\000d\000e\000d\000i\000c\000a\000d\000e\000s}{chapter.28}% 30
\BOOKMARK [1][-]{section.42}{\376\377\000L\000l\000i\000\347\000o\000n\000s\000\040\000f\000i\000n\000a\000l\000s}{chapter.28}% 31
\BOOKMARK [0][-]{chapter.47}{\376\377\000M\000a\000r\000c\000\040\000d\000e\000\040\000t\000r\000e\000b\000a\000l\000l\000\040\000i\000\040\000c\000o\000n\000c\000e\000p\000t\000e\000s\000\040\000p\000r\000e\000v\000i\000s}{}% 32
\BOOKMARK [1][-]{section.48}{\376\377\000I\000n\000t\000r\000o\000d\000u\000c\000c\000i\000\363}{chapter.47}% 33
\BOOKMARK [1][-]{section.49}{\376\377\000E\000n\000t\000o\000r\000n\000\040\000d\000e\000\040\000d\000e\000s\000e\000n\000v\000o\000l\000u\000p\000a\000m\000e\000n\000t}{chapter.47}% 34
\BOOKMARK [1][-]{section.50}{\376\377\000E\000i\000n\000e\000s\000\040\000d\000e\000\040\000d\000e\000s\000e\000n\000v\000o\000l\000u\000p\000a\000m\000e\000n\000t}{chapter.47}% 35
\BOOKMARK [1][-]{section.58}{\376\377\000F\000r\000o\000n\000t\000e\000n\000d\000\040\000w\000e\000b}{chapter.47}% 36
\BOOKMARK [1][-]{section.76}{\376\377\000B\000a\000c\000k\000e\000n\000d\000\040\000i\000\040\000m\000i\000c\000r\000o\000s\000e\000r\000v\000e\000i\000s}{chapter.47}% 37
\BOOKMARK [1][-]{section.92}{\376\377\000C\000l\000i\000e\000n\000t\000\040\000d\000'\000e\000s\000c\000r\000i\000p\000t\000o\000r\000i}{chapter.47}% 38
\BOOKMARK [1][-]{section.96}{\376\377\000U\000t\000i\000l\000i\000t\000a\000t\000s\000\040\000a\000d\000d\000i\000c\000i\000o\000n\000a\000l\000s}{chapter.47}% 39
\BOOKMARK [1][-]{section.100}{\376\377\000V\000e\000r\000s\000i\000o\000n\000a\000t\000\040\000d\000e\000\040\000d\000e\000p\000e\000n\000d\000\350\000n\000c\000i\000e\000s}{chapter.47}% 40
\BOOKMARK [0][-]{chapter.103}{\376\377\000R\000e\000q\000u\000i\000s\000i\000t\000s\000\040\000d\000e\000l\000\040\000s\000i\000s\000t\000e\000m\000a}{}% 41
\BOOKMARK [1][-]{section.104}{\376\377\000I\000n\000t\000r\000o\000d\000u\000c\000c\000i\000\363}{chapter.103}% 42
\BOOKMARK [1][-]{section.105}{\376\377\000R\000e\000q\000u\000i\000s\000i\000t\000s\000\040\000f\000u\000n\000c\000i\000o\000n\000a\000l\000s}{chapter.103}% 43
\BOOKMARK [2][-]{subsection.106}{\376\377\0001\000.\000\040\000G\000e\000s\000t\000i\000\363\000\040\000d\000'\000u\000s\000u\000a\000r\000i\000s}{section.105}% 44
\BOOKMARK [2][-]{subsection.107}{\376\377\0002\000.\000\040\000G\000e\000s\000t\000i\000\363\000\040\000d\000'\000a\000r\000x\000i\000u\000s}{section.105}% 45
\BOOKMARK [2][-]{subsection.108}{\376\377\0003\000.\000\040\000S\000i\000s\000t\000e\000m\000a\000\040\000d\000e\000\040\000p\000a\000p\000e\000r\000e\000r\000a}{section.105}% 46
\BOOKMARK [2][-]{subsection.109}{\376\377\0004\000.\000\040\000C\000o\000m\000p\000a\000r\000t\000i\000c\000i\000\363\000\040\000d\000'\000a\000r\000x\000i\000u\000s}{section.105}% 47
\BOOKMARK [2][-]{subsection.110}{\376\377\0005\000.\000\040\000S\000i\000n\000c\000r\000o\000n\000i\000t\000z\000a\000c\000i\000\363\000\040\000e\000n\000\040\000t\000e\000m\000p\000s\000\040\000r\000e\000a\000l}{section.105}% 48
\BOOKMARK [2][-]{subsection.111}{\376\377\0006\000.\000\040\000P\000a\000n\000e\000l\000l\000\040\000d\000'\000a\000d\000m\000i\000n\000i\000s\000t\000r\000a\000c\000i\000\363}{section.105}% 49
\BOOKMARK [1][-]{section.112}{\376\377\000R\000e\000q\000u\000i\000s\000i\000t\000s\000\040\000n\000o\000\040\000f\000u\000n\000c\000i\000o\000n\000a\000l\000s}{chapter.103}% 50
\BOOKMARK [2][-]{subsection.113}{\376\377\0001\000.\000\040\000R\000e\000n\000d\000i\000m\000e\000n\000t}{section.112}% 51
\BOOKMARK [2][-]{subsection.114}{\376\377\0002\000.\000\040\000S\000e\000g\000u\000r\000e\000t\000a\000t}{section.112}% 52
\BOOKMARK [2][-]{subsection.115}{\376\377\0003\000.\000\040\000U\000s\000a\000b\000i\000l\000i\000t\000a\000t}{section.112}% 53
\BOOKMARK [2][-]{subsection.116}{\376\377\0004\000.\000\040\000M\000a\000n\000t\000e\000n\000i\000b\000i\000l\000i\000t\000a\000t}{section.112}% 54
\BOOKMARK [2][-]{subsection.117}{\376\377\0005\000.\000\040\000C\000o\000m\000p\000a\000t\000i\000b\000i\000l\000i\000t\000a\000t}{section.112}% 55
\BOOKMARK [2][-]{subsection.118}{\376\377\0006\000.\000\040\000E\000s\000c\000a\000l\000a\000b\000i\000l\000i\000t\000a\000t}{section.112}% 56
\BOOKMARK [2][-]{subsection.119}{\376\377\0007\000.\000\040\000P\000o\000r\000t\000a\000b\000i\000l\000i\000t\000a\000t}{section.112}% 57
\BOOKMARK [1][-]{section.120}{\376\377\000R\000e\000q\000u\000i\000s\000i\000t\000s\000\040\000d\000e\000\040\000m\000a\000q\000u\000i\000n\000a\000r\000i\000\040\000i\000\040\000p\000r\000o\000g\000r\000a\000m\000a\000r\000i}{chapter.103}% 58
\BOOKMARK [1][-]{section.121}{\376\377\000R\000e\000s\000u\000m}{chapter.103}% 59
\BOOKMARK [0][-]{chapter.122}{\376\377\000E\000s\000t\000u\000d\000i\000s\000\040\000i\000\040\000d\000e\000c\000i\000s\000i\000o\000n\000s}{}% 60
\BOOKMARK [1][-]{section.123}{\376\377\000I\000n\000t\000r\000o\000d\000u\000c\000c\000i\000\363}{chapter.122}% 61
\BOOKMARK [1][-]{section.124}{\376\377\000P\000i\000l\000a\000\040\000T\000e\000c\000n\000o\000l\000\362\000g\000i\000c\000a\000\040\000d\000e\000l\000\040\000B\000a\000c\000k\000e\000n\000d}{chapter.122}% 62
\BOOKMARK [2][-]{subsection.125}{\376\377\000S\000p\000r\000i\000n\000g\000\040\000B\000o\000o\000t}{section.124}% 63
\BOOKMARK [2][-]{subsection.128}{\376\377\000S\000p\000r\000i\000n\000g\000\040\000D\000a\000t\000a\000\040\000J\000P\000A}{section.124}% 64
\BOOKMARK [2][-]{subsection.130}{\376\377\000P\000o\000s\000t\000g\000r\000e\000S\000Q\000L}{section.124}% 65
\BOOKMARK [2][-]{subsection.133}{\376\377\000E\000c\000o\000s\000i\000s\000t\000e\000m\000a\000\040\000S\000p\000r\000i\000n\000g\000\040\000C\000l\000o\000u\000d}{section.124}% 66
\BOOKMARK [3][-]{section*.134}{\376\377\000S\000p\000r\000i\000n\000g\000\040\000C\000l\000o\000u\000d\000\040\000G\000a\000t\000e\000w\000a\000y}{subsection.133}% 67
\BOOKMARK [3][-]{section*.136}{\376\377\000E\000u\000r\000e\000k\000a}{subsection.133}% 68
\BOOKMARK [3][-]{section*.138}{\376\377\000S\000p\000r\000i\000n\000g\000\040\000C\000l\000o\000u\000d\000\040\000O\000p\000e\000n\000F\000e\000i\000g\000n}{subsection.133}% 69
\BOOKMARK [2][-]{subsection.140}{\376\377\000S\000p\000r\000i\000n\000g\000\040\000S\000e\000c\000u\000r\000i\000t\000y}{section.124}% 70
\BOOKMARK [2][-]{subsection.142}{\376\377\000R\000a\000b\000b\000i\000t\000M\000Q}{section.124}% 71
\BOOKMARK [1][-]{section.145}{\376\377\000P\000i\000l\000a\000\040\000T\000e\000c\000n\000o\000l\000\362\000g\000i\000c\000a\000\040\000d\000e\000l\000\040\000F\000r\000o\000n\000t\000e\000n\000d\000\040\000W\000e\000b}{chapter.122}% 72
\BOOKMARK [2][-]{subsection.146}{\376\377\000R\000e\000a\000c\000t}{section.145}% 73
\BOOKMARK [2][-]{subsection.149}{\376\377\000R\000e\000a\000c\000t\000\040\000Q\000u\000e\000r\000y\000\040\000\050\000T\000a\000n\000S\000t\000a\000c\000k\000\040\000Q\000u\000e\000r\000y\000\051}{section.145}% 74
\BOOKMARK [2][-]{subsection.151}{\376\377\000Z\000u\000s\000t\000a\000n\000d}{section.145}% 75
\BOOKMARK [1][-]{section.153}{\376\377\000P\000i\000l\000a\000\040\000T\000e\000c\000n\000o\000l\000\362\000g\000i\000c\000a\000\040\000d\000e\000l\000\040\000C\000l\000i\000e\000n\000t\000\040\000d\000'\000E\000s\000c\000r\000i\000p\000t\000o\000r\000i}{chapter.122}% 76
\BOOKMARK [2][-]{subsection.154}{\376\377\000T\000a\000u\000r\000i\000\040\000i\000\040\000S\000v\000e\000l\000t\000e}{section.153}% 77
\BOOKMARK [1][-]{section.156}{\376\377\000M\000a\000q\000u\000i\000n\000a\000r\000i\000\040\000i\000\040\000i\000n\000f\000r\000a\000e\000s\000t\000r\000u\000c\000t\000u\000r\000a}{chapter.122}% 78
\BOOKMARK [1][-]{section.157}{\376\377\000E\000i\000n\000e\000s\000\040\000d\000e\000\040\000d\000i\000s\000s\000e\000n\000y\000\040\000i\000\040\000e\000s\000t\000i\000l\000\040\000\050\000U\000I\000/\000U\000X\000\051}{chapter.122}% 79
\BOOKMARK [1][-]{section.158}{\376\377\000C\000a\000d\000e\000n\000a\000\040\000d\000'\000e\000i\000n\000e\000s\000\040\000i\000\040\000D\000e\000v\000O\000p\000s}{chapter.122}% 80
\BOOKMARK [1][-]{section.159}{\376\377\000L\000l\000i\000c\000\350\000n\000c\000i\000e\000s\000\040\000i\000\040\000c\000o\000m\000p\000l\000i\000m\000e\000n\000t\000\040\000l\000e\000g\000a\000l}{chapter.122}% 81
\BOOKMARK [1][-]{section.161}{\376\377\000T\000r\000a\000\347\000a\000b\000i\000l\000i\000t\000a\000t\000\040\000g\000l\000o\000b\000a\000l\000\040\000a\000m\000b\000\040\000e\000l\000s\000\040\000r\000e\000q\000u\000i\000s\000i\000t\000s}{chapter.122}% 82
\BOOKMARK [0][-]{chapter.163}{\376\377\000A\000n\000\340\000l\000i\000s\000i\000\040\000i\000\040\000d\000i\000s\000s\000e\000n\000y\000\040\000d\000e\000l\000\040\000s\000i\000s\000t\000e\000m\000a}{}% 83
\BOOKMARK [1][-]{section.164}{\376\377\000I\000n\000t\000r\000o\000d\000u\000c\000c\000i\000\363}{chapter.163}% 84
\BOOKMARK [1][-]{section.165}{\376\377\000A\000n\000\340\000l\000i\000s\000i\000\040\000f\000u\000n\000c\000i\000o\000n\000a\000l}{chapter.163}% 85
\BOOKMARK [2][-]{subsection.166}{\376\377\000A\000c\000t\000o\000r\000s\000\040\000i\000\040\000m\000\362\000d\000u\000l\000s}{section.165}% 86
\BOOKMARK [2][-]{subsection.167}{\376\377\000C\000a\000s\000o\000s\000\040\000d\000'\000\372\000s\000\040\000p\000r\000i\000n\000c\000i\000p\000a\000l\000s}{section.165}% 87
\BOOKMARK [2][-]{subsection.212}{\376\377\000M\000a\000t\000r\000i\000u\000\040\000d\000e\000\040\000t\000r\000a\000\347\000a\000b\000i\000l\000i\000t\000a\000t\000\040\000e\000n\000t\000r\000e\000\040\000r\000e\000q\000u\000i\000s\000i\000t\000s\000\040\000i\000\040\000c\000a\000s\000o\000s\000\040\000d\000'\000\372\000s}{section.165}% 88
\BOOKMARK [2][-]{subsection.214}{\376\377\000D\000i\000a\000g\000r\000a\000m\000a\000\040\000d\000e\000\040\000c\000a\000s\000o\000s\000\040\000d\000'\000\372\000s}{section.165}% 89
\BOOKMARK [2][-]{subsection.216}{\376\377\000D\000i\000a\000g\000r\000a\000m\000e\000s\000\040\000d\000'\000a\000c\000t\000i\000v\000i\000t\000a\000t\000\040\000d\000e\000l\000s\000\040\000C\000a\000s\000o\000s\000\040\000d\000'\000\332\000s\000\040\000P\000r\000i\000n\000c\000i\000p\000a\000l\000s}{section.165}% 90
\BOOKMARK [3][-]{section*.217}{\376\377\000U\000C\000-\0000\0001\000:\000\040\000R\000e\000g\000i\000s\000t\000r\000a\000r\000-\000s\000e}{subsection.216}% 91
\BOOKMARK [3][-]{section*.219}{\376\377\000U\000C\000-\0000\0002\000:\000\040\000I\000n\000i\000c\000i\000a\000r\000\040\000s\000e\000s\000s\000i\000\363}{subsection.216}% 92
\BOOKMARK [3][-]{section*.221}{\376\377\000U\000C\000-\0000\0008\000:\000\040\000C\000r\000e\000a\000r\000\040\000o\000\040\000p\000u\000j\000a\000r\000\040\000a\000r\000x\000i\000u\000s}{subsection.216}% 93
\BOOKMARK [3][-]{section*.223}{\376\377\000U\000C\000-\0001\0000\000:\000\040\000D\000e\000s\000c\000a\000r\000r\000e\000g\000a\000r}{subsection.216}% 94
\BOOKMARK [3][-]{section*.225}{\376\377\000U\000C\000-\0001\0001\000:\000\040\000E\000n\000v\000i\000a\000r\000\040\000a\000\040\000l\000a\000\040\000p\000a\000p\000e\000r\000e\000r\000a}{subsection.216}% 95
\BOOKMARK [3][-]{section*.227}{\376\377\000U\000C\000-\0001\0002\000:\000\040\000E\000l\000i\000m\000i\000n\000a\000r\000\040\000p\000e\000r\000m\000a\000n\000e\000n\000t\000m\000e\000n\000t}{subsection.216}% 96
\BOOKMARK [3][-]{section*.229}{\376\377\000U\000C\000-\0001\0003\000:\000\040\000C\000o\000m\000p\000a\000r\000t\000i\000r\000\040\000a\000r\000x\000i\000u\000s}{subsection.216}% 97
\BOOKMARK [1][-]{section.231}{\376\377\000A\000r\000q\000u\000i\000t\000e\000c\000t\000u\000r\000a\000\040\000d\000e\000l\000\040\000s\000i\000s\000t\000e\000m\000a}{chapter.163}% 98
\BOOKMARK [2][-]{subsection.232}{\376\377\000V\000i\000s\000i\000\363\000\040\000g\000e\000n\000e\000r\000a\000l\000\040\000i\000\040\000c\000o\000m\000p\000o\000n\000e\000n\000t\000s}{section.231}% 99
\BOOKMARK [2][-]{subsection.234}{\376\377\000D\000i\000s\000s\000e\000n\000y\000\040\000d\000e\000l\000s\000\040\000m\000i\000c\000r\000o\000s\000e\000r\000v\000e\000i\000s}{section.231}% 100
\BOOKMARK [3][-]{section*.235}{\376\377\000U\000s\000e\000r\000A\000u\000t\000h\000e\000n\000t\000i\000c\000a\000t\000i\000o\000n}{subsection.234}% 101
\BOOKMARK [3][-]{section*.238}{\376\377\000U\000s\000e\000r\000M\000a\000n\000a\000g\000e\000m\000e\000n\000t}{subsection.234}% 102
\BOOKMARK [3][-]{section*.241}{\376\377\000F\000i\000l\000e\000M\000a\000n\000a\000g\000e\000m\000e\000n\000t}{subsection.234}% 103
\BOOKMARK [3][-]{section*.244}{\376\377\000F\000i\000l\000e\000A\000c\000c\000e\000s\000s\000C\000o\000n\000t\000r\000o\000l}{subsection.234}% 104
\BOOKMARK [3][-]{section*.247}{\376\377\000F\000i\000l\000e\000S\000h\000a\000r\000i\000n\000g}{subsection.234}% 105
\BOOKMARK [3][-]{section*.250}{\376\377\000T\000r\000a\000s\000h}{subsection.234}% 106
\BOOKMARK [3][-]{section*.253}{\376\377\000S\000y\000n\000c\000S\000e\000r\000v\000i\000c\000e}{subsection.234}% 107
\BOOKMARK [2][-]{subsection.256}{\376\377\000P\000a\000t\000r\000o\000n\000s\000\040\000d\000e\000\040\000d\000i\000s\000s\000e\000n\000y\000\040\000i\000\040\000p\000r\000i\000n\000c\000i\000p\000i\000s\000\040\000a\000r\000q\000u\000i\000t\000e\000c\000t\000\362\000n\000i\000c\000s}{section.231}% 108
\BOOKMARK [2][-]{subsection.257}{\376\377\000J\000u\000s\000t\000i\000f\000i\000c\000a\000c\000i\000\363\000\040\000d\000e\000\040\000l\000'\000a\000r\000q\000u\000i\000t\000e\000c\000t\000u\000r\000a\000\040\000d\000e\000\040\000m\000i\000c\000r\000o\000s\000e\000r\000v\000e\000i\000s}{section.231}% 109
\BOOKMARK [1][-]{section.258}{\376\377\000D\000i\000s\000s\000e\000n\000y\000\040\000d\000e\000\040\000l\000e\000s\000\040\000i\000n\000t\000e\000r\000f\000\355\000c\000i\000e\000s\000\040\000d\000'\000u\000s\000u\000a\000r\000i}{chapter.163}% 110
\BOOKMARK [2][-]{subsection.259}{\376\377\000C\000l\000i\000e\000n\000t\000\040\000w\000e\000b}{section.258}% 111
\BOOKMARK [3][-]{section*.260}{\376\377\000A\000u\000t\000e\000n\000t\000i\000c\000a\000c\000i\000\363}{subsection.259}% 112
\BOOKMARK [3][-]{section*.262}{\376\377\000E\000s\000c\000r\000i\000p\000t\000o\000r\000i\000\040\000p\000r\000i\000n\000c\000i\000p\000a\000l}{subsection.259}% 113
\BOOKMARK [2][-]{subsection.279}{\376\377\000C\000l\000i\000e\000n\000t\000\040\000d\000'\000e\000s\000c\000r\000i\000p\000t\000o\000r\000i}{section.258}% 114
\BOOKMARK [1][-]{section.285}{\376\377\000C\000o\000n\000s\000i\000d\000e\000r\000a\000c\000i\000o\000n\000s\000\040\000d\000e\000\040\000s\000e\000g\000u\000r\000e\000t\000a\000t}{chapter.163}% 115
\BOOKMARK [2][-]{subsection.286}{\376\377\000C\000o\000n\000t\000r\000o\000l\000\040\000d\000'\000a\000c\000c\000\351\000s\000\040\000b\000a\000s\000a\000t\000\040\000e\000n\000\040\000r\000o\000l\000s\000\040\000\050\000R\000B\000A\000C\000\051}{section.285}% 116
\BOOKMARK [2][-]{subsection.288}{\376\377\000M\000e\000c\000a\000n\000i\000s\000m\000e\000s\000\040\000d\000e\000\040\000p\000r\000o\000t\000e\000c\000c\000i\000\363}{section.285}% 117
\BOOKMARK [2][-]{subsection.289}{\376\377\000J\000u\000s\000t\000i\000f\000i\000c\000a\000c\000i\000\363\000\040\000d\000e\000l\000\040\000c\000o\000m\000p\000l\000i\000m\000e\000n\000t\000\040\000d\000e\000l\000\040\000R\000G\000P\000D}{section.285}% 118
\BOOKMARK [1][-]{section.290}{\376\377\000C\000o\000b\000e\000r\000t\000u\000r\000a\000\040\000d\000e\000l\000s\000\040\000r\000e\000q\000u\000i\000s\000i\000t\000s\000\040\000n\000o\000\040\000f\000u\000n\000c\000i\000o\000n\000a\000l\000s}{chapter.163}% 119
\BOOKMARK [1][-]{section.291}{\376\377\000C\000o\000n\000c\000l\000u\000s\000i\000o\000n\000s}{chapter.163}% 120
\BOOKMARK [0][-]{chapter.292}{\376\377\000I\000m\000p\000l\000e\000m\000e\000n\000t\000a\000c\000i\000\363\000\040\000i\000\040\000p\000r\000o\000v\000e\000s}{}% 121
\BOOKMARK [1][-]{section.293}{\376\377\000V\000i\000s\000i\000\363\000\040\000g\000e\000n\000e\000r\000a\000l\000\040\000d\000e\000\040\000l\000a\000\040\000i\000m\000p\000l\000e\000m\000e\000n\000t\000a\000c\000i\000\363}{chapter.292}% 122
\BOOKMARK [1][-]{section.294}{\376\377\000E\000n\000t\000o\000r\000n\000\040\000d\000e\000\040\000d\000e\000s\000e\000n\000v\000o\000l\000u\000p\000a\000m\000e\000n\000t\000\040\000i\000\040\000d\000e\000s\000p\000l\000e\000g\000a\000m\000e\000n\000t}{chapter.292}% 123
\BOOKMARK [1][-]{section.306}{\376\377\000I\000m\000p\000l\000e\000m\000e\000n\000t\000a\000c\000i\000\363\000\040\000d\000e\000l\000\040\000b\000a\000c\000k\000e\000n\000d}{chapter.292}% 124
\BOOKMARK [2][-]{subsection.307}{\376\377\000G\000e\000s\000t\000i\000\363\000\040\000d\000'\000u\000s\000u\000a\000r\000i\000s\000\040\000\050\000U\000s\000e\000r\000A\000u\000t\000h\000e\000n\000t\000i\000c\000a\000t\000i\000o\000n\000\051}{section.306}% 125
\BOOKMARK [2][-]{subsection.346}{\376\377\000G\000a\000t\000e\000w\000a\000y\000\040\000i\000\040\000f\000i\000l\000t\000r\000e\000\040\000d\000e\000\040\000J\000W\000T}{section.306}% 126
\BOOKMARK [2][-]{subsection.402}{\376\377\000G\000e\000s\000t\000i\000\363\000\040\000d\000'\000a\000r\000x\000i\000u\000s\000\040\000\050\000F\000i\000l\000e\000M\000a\000n\000a\000g\000e\000m\000e\000n\000t\000\051}{section.306}% 127
\BOOKMARK [2][-]{subsection.456}{\376\377\000C\000o\000m\000p\000a\000r\000t\000i\000c\000i\000\363\000\040\000\050\000F\000i\000l\000e\000S\000h\000a\000r\000i\000n\000g\000\051}{section.306}% 128
\BOOKMARK [2][-]{subsection.503}{\376\377\000P\000a\000p\000e\000l\000e\000r\000a\000\040\000i\000\040\000e\000l\000i\000m\000i\000n\000a\000c\000i\000\363\000\040\000a\000s\000\355\000n\000c\000r\000o\000n\000a\000\040\000\050\000T\000r\000a\000s\000h\000S\000e\000r\000v\000i\000c\000e\000\051}{section.306}% 129
\BOOKMARK [2][-]{subsection.543}{\376\377\000S\000e\000r\000v\000e\000i\000\040\000d\000e\000\040\000s\000i\000n\000c\000r\000o\000n\000i\000t\000z\000a\000c\000i\000\363\000\040\000\050\000S\000y\000n\000c\000S\000e\000r\000v\000i\000c\000e\000\051}{section.306}% 130
\BOOKMARK [0][-]{appendix.603}{\376\377\000F\000i\000t\000x\000e\000s\000\040\000c\000o\000m\000p\000l\000e\000t\000e\000s\000\040\000d\000e\000\040\000C\000a\000s\000o\000s\000\040\000d\000'\000\332\000s}{}% 131
\BOOKMARK [1][-]{section.604}{\376\377\000U\000C\000-\0000\0001\000:\000\040\000R\000e\000g\000i\000s\000t\000r\000a\000r\000-\000s\000e}{appendix.603}% 132
\BOOKMARK [1][-]{section.609}{\376\377\000U\000C\000-\0000\0002\000:\000\040\000I\000n\000i\000c\000i\000a\000r\000\040\000s\000e\000s\000s\000i\000\363}{appendix.603}% 133
\BOOKMARK [1][-]{section.615}{\376\377\000U\000C\000-\0000\0003\000:\000\040\000A\000c\000t\000u\000a\000l\000i\000t\000z\000a\000r\000\040\000p\000e\000r\000f\000i\000l}{appendix.603}% 134
\BOOKMARK [1][-]{section.621}{\376\377\000U\000C\000-\0000\0004\000:\000\040\000C\000e\000r\000c\000a\000r\000\040\000u\000s\000u\000a\000r\000i\000s}{appendix.603}% 135
\BOOKMARK [1][-]{section.626}{\376\377\000U\000C\000-\0000\0005\000:\000\040\000L\000l\000i\000s\000t\000a\000r\000\040\000u\000s\000u\000a\000r\000i\000s\000\040\000\050\000a\000d\000m\000i\000n\000i\000s\000t\000r\000a\000c\000i\000\363\000\051}{appendix.603}% 136
\BOOKMARK [1][-]{section.632}{\376\377\000U\000C\000-\0000\0006\000:\000\040\000A\000c\000t\000u\000a\000l\000i\000t\000z\000a\000r\000\040\000u\000s\000u\000a\000r\000i\000\040\000\050\000a\000d\000m\000i\000n\000i\000s\000t\000r\000a\000c\000i\000\363\000\051}{appendix.603}% 137
\BOOKMARK [1][-]{section.638}{\376\377\000U\000C\000-\0000\0007\000:\000\040\000E\000l\000i\000m\000i\000n\000a\000r\000\040\000u\000s\000u\000a\000r\000i\000\040\000\050\000a\000d\000m\000i\000n\000i\000s\000t\000r\000a\000c\000i\000\363\000\051}{appendix.603}% 138
\BOOKMARK [1][-]{section.644}{\376\377\000U\000C\000-\0000\0008\000:\000\040\000C\000r\000e\000a\000r\000\040\000o\000\040\000p\000u\000j\000a\000r\000\040\000a\000r\000x\000i\000u\000s}{appendix.603}% 139
\BOOKMARK [1][-]{section.651}{\376\377\000U\000C\000-\0000\0009\000A\000:\000\040\000R\000e\000n\000o\000m\000e\000n\000a\000r\000\040\000u\000n\000\040\000e\000l\000e\000m\000e\000n\000t}{appendix.603}% 140
\BOOKMARK [1][-]{section.656}{\376\377\000U\000C\000-\0000\0009\000B\000:\000\040\000M\000o\000u\000r\000e\000\040\000u\000n\000\040\000e\000l\000e\000m\000e\000n\000t}{appendix.603}% 141
\BOOKMARK [1][-]{section.662}{\376\377\000U\000C\000-\0000\0009\000C\000:\000\040\000C\000o\000p\000i\000a\000r\000\040\000u\000n\000\040\000e\000l\000e\000m\000e\000n\000t}{appendix.603}% 142
\BOOKMARK [1][-]{section.669}{\376\377\000U\000C\000-\0001\0000\000:\000\040\000D\000e\000s\000c\000a\000r\000r\000e\000g\000a\000r}{appendix.603}% 143
\BOOKMARK [1][-]{section.674}{\376\377\000U\000C\000-\0001\0001\000:\000\040\000E\000n\000v\000i\000a\000r\000\040\000a\000\040\000l\000a\000\040\000p\000a\000p\000e\000r\000e\000r\000a}{appendix.603}% 144
\BOOKMARK [1][-]{section.680}{\376\377\000U\000C\000-\0001\0002\000:\000\040\000E\000l\000i\000m\000i\000n\000a\000r\000\040\000p\000e\000r\000m\000a\000n\000e\000n\000t\000m\000e\000n\000t}{appendix.603}% 145
\BOOKMARK [1][-]{section.688}{\376\377\000U\000C\000-\0001\0003\000:\000\040\000C\000o\000m\000p\000a\000r\000t\000i\000r\000\040\000a\000r\000x\000i\000u\000s}{appendix.603}% 146
\BOOKMARK [1][-]{section.695}{\376\377\000U\000C\000-\0001\0003\000A\000:\000\040\000R\000e\000v\000o\000c\000a\000r\000\040\000a\000c\000c\000\351\000s\000\040\000a\000\040\000u\000n\000\040\000a\000r\000x\000i\000u\000\040\000\050\000p\000r\000o\000p\000i\000e\000t\000a\000r\000i\000\051}{appendix.603}% 147
\BOOKMARK [1][-]{section.702}{\376\377\000U\000C\000-\0001\0003\000B\000:\000\040\000D\000e\000i\000x\000a\000r\000\040\000d\000e\000\040\000s\000e\000g\000u\000i\000r\000\040\000u\000n\000\040\000a\000r\000x\000i\000u\000\040\000c\000o\000m\000p\000a\000r\000t\000i\000t\000\040\000\050\000r\000e\000c\000e\000p\000t\000o\000r\000\051}{appendix.603}% 148
\BOOKMARK [1][-]{section.707}{\376\377\000U\000C\000-\0001\0004\000:\000\040\000A\000c\000t\000u\000a\000l\000i\000t\000z\000a\000c\000i\000\363\000\040\000e\000n\000\040\000t\000e\000m\000p\000s\000\040\000r\000e\000a\000l}{appendix.603}% 149
\BOOKMARK [1][-]{section.714}{\376\377\000U\000C\000-\0001\0005\000:\000\040\000C\000a\000n\000v\000i\000a\000r\000\040\000c\000o\000n\000t\000r\000a\000s\000e\000n\000y\000a}{appendix.603}% 150
\BOOKMARK [1][-]{section.720}{\376\377\000U\000C\000-\0001\0006\000:\000\040\000E\000l\000i\000m\000i\000n\000a\000r\000\040\000c\000o\000m\000p\000t\000e}{appendix.603}% 151
\BOOKMARK [1][-]{section.725}{\376\377\000U\000C\000-\0001\0007\000:\000\040\000R\000e\000s\000t\000a\000u\000r\000a\000r\000\040\000d\000e\000s\000\040\000d\000e\000\040\000l\000a\000\040\000p\000a\000p\000e\000r\000e\000r\000a}{appendix.603}% 152
\BOOKMARK [1][-]{section.731}{\376\377\000U\000C\000-\0001\0008\000:\000\040\000M\000o\000d\000i\000f\000i\000c\000a\000r\000\040\000c\000o\000n\000t\000r\000a\000s\000e\000n\000y\000a\000\040\000d\000'\000u\000n\000\040\000a\000l\000t\000r\000e\000\040\000u\000s\000u\000a\000r\000i\000\040\000\050\000S\000u\000p\000e\000r\000a\000d\000m\000i\000n\000i\000s\000t\000r\000a\000c\000i\000\363\000\051}{appendix.603}% 153
\BOOKMARK [1][-]{section.736}{\376\377\000U\000C\000-\0001\0009\000:\000\040\000M\000o\000d\000i\000f\000i\000c\000a\000r\000\040\000u\000n\000\040\000a\000d\000m\000i\000n\000i\000s\000t\000r\000a\000d\000o\000r\000\040\000\050\000S\000u\000p\000e\000r\000a\000d\000m\000i\000n\000i\000s\000t\000r\000a\000c\000i\000\363\000\051}{appendix.603}% 154
\BOOKMARK [1][-]{section.741}{\376\377\000U\000C\000-\0002\0000\000:\000\040\000E\000l\000i\000m\000i\000n\000a\000r\000\040\000u\000n\000\040\000a\000d\000m\000i\000n\000i\000s\000t\000r\000a\000d\000o\000r\000\040\000\050\000S\000u\000p\000e\000r\000a\000d\000m\000i\000n\000i\000s\000t\000r\000a\000c\000i\000\363\000\051}{appendix.603}% 155
\BOOKMARK [1][-]{section.745}{\376\377\000U\000C\000-\0002\0001\000:\000\040\000M\000o\000d\000i\000f\000i\000c\000a\000r\000\040\000n\000i\000v\000e\000l\000l\000\040\000d\000e\000\040\000p\000e\000r\000m\000i\000s\000o\000s\000\040\000d\000'\000u\000n\000\040\000u\000s\000u\000a\000r\000i\000\040\000\050\000S\000u\000p\000e\000r\000a\000d\000m\000i\000n\000i\000s\000t\000r\000a\000c\000i\000\363\000\051}{appendix.603}% 156
\BOOKMARK [1][-]{section.749}{\376\377\000U\000C\000-\0002\0002\000:\000\040\000S\000i\000n\000c\000r\000o\000n\000i\000t\000z\000a\000r\000\040\000a\000r\000x\000i\000u\000s\000\040\000c\000o\000m\000p\000a\000r\000t\000i\000t\000s}{appendix.603}% 157
\BOOKMARK [0][-]{appendix.754}{\376\377\000D\000i\000a\000g\000r\000a\000m\000e\000s\000\040\000d\000'\000a\000c\000t\000i\000v\000i\000t\000a\000t\000\040\000d\000e\000\040\000t\000o\000t\000s\000\040\000e\000l\000s\000\040\000C\000a\000s\000o\000s\000\040\000d\000'\000\332\000s}{}% 158
\BOOKMARK [1][-]{section*.755}{\376\377\000U\000C\000-\0000\0001\000:\000\040\000R\000e\000g\000i\000s\000t\000r\000a\000r\000-\000s\000e}{appendix.754}% 159
\BOOKMARK [2][-]{section*.757}{\376\377\000U\000C\000-\0000\0002\000:\000\040\000I\000n\000i\000c\000i\000a\000r\000\040\000s\000e\000s\000s\000i\000\363}{section*.755}% 160
\BOOKMARK [3][-]{section*.759}{\376\377\000U\000C\000-\0000\0003\000:\000\040\000A\000c\000t\000u\000a\000l\000i\000t\000z\000a\000r\000\040\000p\000e\000r\000f\000i\000l}{section*.757}% 161
\BOOKMARK [3][-]{section*.761}{\376\377\000U\000C\000-\0000\0004\000:\000\040\000C\000e\000r\000c\000a\000r\000\040\000u\000s\000u\000a\000r\000i\000s}{section*.757}% 162
\BOOKMARK [3][-]{section*.763}{\376\377\000U\000C\000-\0000\0005\000:\000\040\000L\000l\000i\000s\000t\000a\000r\000\040\000u\000s\000u\000a\000r\000i\000s\000\040\000\050\000a\000d\000m\000i\000n\000i\000s\000t\000r\000a\000c\000i\000\363\000\051}{section*.757}% 163
\BOOKMARK [3][-]{section*.765}{\376\377\000U\000C\000-\0000\0006\000:\000\040\000A\000c\000t\000u\000a\000l\000i\000t\000z\000a\000r\000\040\000u\000s\000u\000a\000r\000i\000\040\000\050\000a\000d\000m\000i\000n\000i\000s\000t\000r\000a\000c\000i\000\363\000\051}{section*.757}% 164
\BOOKMARK [3][-]{section*.767}{\376\377\000U\000C\000-\0000\0007\000:\000\040\000E\000l\000i\000m\000i\000n\000a\000r\000\040\000u\000s\000u\000a\000r\000i\000\040\000\050\000a\000d\000m\000i\000n\000i\000s\000t\000r\000a\000c\000i\000\363\000\051}{section*.757}% 165
\BOOKMARK [3][-]{section*.769}{\376\377\000U\000C\000-\0000\0008\000:\000\040\000C\000r\000e\000a\000r\000\040\000o\000\040\000p\000u\000j\000a\000r\000\040\000a\000r\000x\000i\000u\000s}{section*.757}% 166
\BOOKMARK [3][-]{section*.771}{\376\377\000U\000C\000-\0000\0009\000A\000:\000\040\000R\000e\000n\000o\000m\000e\000n\000a\000r\000\040\000u\000n\000\040\000e\000l\000e\000m\000e\000n\000t}{section*.757}% 167
\BOOKMARK [3][-]{section*.773}{\376\377\000U\000C\000-\0000\0009\000B\000:\000\040\000M\000o\000u\000r\000e\000\040\000u\000n\000\040\000e\000l\000e\000m\000e\000n\000t}{section*.757}% 168
\BOOKMARK [3][-]{section*.775}{\376\377\000U\000C\000-\0000\0009\000C\000:\000\040\000C\000o\000p\000i\000a\000r\000\040\000u\000n\000\040\000e\000l\000e\000m\000e\000n\000t}{section*.757}% 169
\BOOKMARK [3][-]{section*.777}{\376\377\000U\000C\000-\0001\0000\000:\000\040\000D\000e\000s\000c\000a\000r\000r\000e\000g\000a\000r}{section*.757}% 170
\BOOKMARK [3][-]{section*.779}{\376\377\000U\000C\000-\0001\0001\000:\000\040\000E\000n\000v\000i\000a\000r\000\040\000a\000\040\000l\000a\000\040\000p\000a\000p\000e\000r\000e\000r\000a}{section*.757}% 171
\BOOKMARK [3][-]{section*.781}{\376\377\000U\000C\000-\0001\0002\000:\000\040\000E\000l\000i\000m\000i\000n\000a\000r\000\040\000p\000e\000r\000m\000a\000n\000e\000n\000t\000m\000e\000n\000t}{section*.757}% 172
\BOOKMARK [3][-]{section*.783}{\376\377\000U\000C\000-\0001\0003\000:\000\040\000C\000o\000m\000p\000a\000r\000t\000i\000r\000\040\000a\000r\000x\000i\000u\000s}{section*.757}% 173
\BOOKMARK [3][-]{section*.785}{\376\377\000U\000C\000-\0001\0003\000A\000:\000\040\000R\000e\000v\000o\000c\000a\000r\000\040\000a\000c\000c\000\351\000s\000\040\000a\000\040\000u\000n\000\040\000a\000r\000x\000i\000u}{section*.757}% 174
\BOOKMARK [3][-]{section*.787}{\376\377\000U\000C\000-\0001\0003\000B\000:\000\040\000D\000e\000i\000x\000a\000r\000\040\000d\000e\000\040\000s\000e\000g\000u\000i\000r\000\040\000u\000n\000\040\000a\000r\000x\000i\000u}{section*.757}% 175
\BOOKMARK [3][-]{section*.789}{\376\377\000U\000C\000-\0001\0004\000:\000\040\000A\000c\000t\000u\000a\000l\000i\000t\000z\000a\000c\000i\000\363\000\040\000e\000n\000\040\000t\000e\000m\000p\000s\000\040\000r\000e\000a\000l}{section*.757}% 176
\BOOKMARK [3][-]{section*.791}{\376\377\000U\000C\000-\0001\0005\000:\000\040\000C\000a\000n\000v\000i\000a\000r\000\040\000c\000o\000n\000t\000r\000a\000s\000e\000n\000y\000a}{section*.757}% 177
\BOOKMARK [3][-]{section*.793}{\376\377\000U\000C\000-\0001\0006\000:\000\040\000E\000l\000i\000m\000i\000n\000a\000r\000\040\000c\000o\000m\000p\000t\000e}{section*.757}% 178
\BOOKMARK [3][-]{section*.795}{\376\377\000U\000C\000-\0001\0007\000:\000\040\000R\000e\000s\000t\000a\000u\000r\000a\000r\000\040\000d\000e\000s\000\040\000d\000e\000\040\000l\000a\000\040\000p\000a\000p\000e\000r\000e\000r\000a}{section*.757}% 179
\BOOKMARK [3][-]{section*.797}{\376\377\000U\000C\000-\0001\0008\000:\000\040\000M\000o\000d\000i\000f\000i\000c\000a\000r\000\040\000c\000o\000n\000t\000r\000a\000s\000e\000n\000y\000a\000\040\000d\000'\000u\000n\000\040\000a\000l\000t\000r\000e\000\040\000u\000s\000u\000a\000r\000i}{section*.757}% 180
\BOOKMARK [3][-]{section*.799}{\376\377\000U\000C\000-\0001\0009\000:\000\040\000M\000o\000d\000i\000f\000i\000c\000a\000r\000\040\000u\000n\000\040\000a\000d\000m\000i\000n\000i\000s\000t\000r\000a\000d\000o\000r}{section*.757}% 181
\BOOKMARK [3][-]{section*.801}{\376\377\000U\000C\000-\0002\0000\000:\000\040\000E\000l\000i\000m\000i\000n\000a\000r\000\040\000u\000n\000\040\000a\000d\000m\000i\000n\000i\000s\000t\000r\000a\000d\000o\000r}{section*.757}% 182
\BOOKMARK [3][-]{section*.803}{\376\377\000U\000C\000-\0002\0001\000:\000\040\000M\000o\000d\000i\000f\000i\000c\000a\000r\000\040\000r\000o\000l\000\040\000d\000'\000u\000n\000\040\000u\000s\000u\000a\000r\000i}{section*.757}% 183
\BOOKMARK [3][-]{section*.805}{\376\377\000U\000C\000-\0002\0002\000:\000\040\000S\000i\000n\000c\000r\000o\000n\000i\000t\000z\000a\000r\000\040\000a\000r\000x\000i\000u\000s\000\040\000c\000o\000m\000p\000a\000r\000t\000i\000t\000s}{section*.757}% 184
\BOOKMARK [0][-]{appendix*.807}{\376\377\000B\000i\000b\000l\000i\000o\000g\000r\000a\000f\000i\000a}{}% 185
